2019-12-03 21:27 +08:00: TypeError: Router.use() requires a middleware function but got a Object
2019-12-03 21:27 +08:00:     at Function.use (D:\content\project\github\knowledgePoint\template\react\node_modules\_express@4.17.1@express\lib\router\index.js:458:13)
2019-12-03 21:27 +08:00:     at Function.<anonymous> (D:\content\project\github\knowledgePoint\template\react\node_modules\_express@4.17.1@express\lib\application.js:220:21)
2019-12-03 21:27 +08:00:     at Array.forEach (<anonymous>)
2019-12-03 21:27 +08:00:     at Function.use (D:\content\project\github\knowledgePoint\template\react\node_modules\_express@4.17.1@express\lib\application.js:217:7)
2019-12-03 21:27 +08:00:     at Module.<anonymous> (D:\content\project\github\knowledgePoint\template\react\dist\server\server.js:1:18160)
2019-12-03 21:27 +08:00:     at Module.<anonymous> (D:\content\project\github\knowledgePoint\template\react\dist\server\server.js:1:19013)
2019-12-03 21:27 +08:00:     at n (D:\content\project\github\knowledgePoint\template\react\dist\server\server.js:1:186)
2019-12-03 21:27 +08:00:     at D:\content\project\github\knowledgePoint\template\react\dist\server\server.js:1:985
2019-12-03 21:27 +08:00:     at Object.<anonymous> (D:\content\project\github\knowledgePoint\template\react\dist\server\server.js:1:995)
2019-12-03 21:27 +08:00:     at Module._compile (internal/modules/cjs/loader.js:689:30)
2019-12-03 21:27 +08:00:     at Object.Module._extensions..js (internal/modules/cjs/loader.js:700:10)
2019-12-03 21:27 +08:00:     at Module.load (internal/modules/cjs/loader.js:599:32)
2019-12-03 21:27 +08:00:     at tryModuleLoad (internal/modules/cjs/loader.js:538:12)
2019-12-03 21:27 +08:00:     at Function.Module._load (internal/modules/cjs/loader.js:530:3)
2019-12-03 21:27 +08:00:     at Object.<anonymous> (D:\node\node_global\node_modules\pm2\lib\ProcessContainerFork.js:27:21)
2019-12-03 21:27 +08:00:     at Module._compile (internal/modules/cjs/loader.js:689:30)
2019-12-03 21:27 +08:00: TypeError: Router.use() requires a middleware function but got a Object
2019-12-03 21:27 +08:00:     at Function.use (D:\content\project\github\knowledgePoint\template\react\node_modules\_express@4.17.1@express\lib\router\index.js:458:13)
2019-12-03 21:27 +08:00:     at Function.<anonymous> (D:\content\project\github\knowledgePoint\template\react\node_modules\_express@4.17.1@express\lib\application.js:220:21)
2019-12-03 21:27 +08:00:     at Array.forEach (<anonymous>)
2019-12-03 21:27 +08:00:     at Function.use (D:\content\project\github\knowledgePoint\template\react\node_modules\_express@4.17.1@express\lib\application.js:217:7)
2019-12-03 21:27 +08:00:     at Module.<anonymous> (D:\content\project\github\knowledgePoint\template\react\dist\server\server.js:1:18160)
2019-12-03 21:27 +08:00:     at Module.<anonymous> (D:\content\project\github\knowledgePoint\template\react\dist\server\server.js:1:19013)
2019-12-03 21:27 +08:00:     at n (D:\content\project\github\knowledgePoint\template\react\dist\server\server.js:1:186)
2019-12-03 21:27 +08:00:     at D:\content\project\github\knowledgePoint\template\react\dist\server\server.js:1:985
2019-12-03 21:27 +08:00:     at Object.<anonymous> (D:\content\project\github\knowledgePoint\template\react\dist\server\server.js:1:995)
2019-12-03 21:27 +08:00:     at Module._compile (internal/modules/cjs/loader.js:689:30)
2019-12-03 21:27 +08:00:     at Object.Module._extensions..js (internal/modules/cjs/loader.js:700:10)
2019-12-03 21:27 +08:00:     at Module.load (internal/modules/cjs/loader.js:599:32)
2019-12-03 21:27 +08:00:     at tryModuleLoad (internal/modules/cjs/loader.js:538:12)
2019-12-03 21:27 +08:00:     at Function.Module._load (internal/modules/cjs/loader.js:530:3)
2019-12-03 21:27 +08:00:     at Object.<anonymous> (D:\node\node_global\node_modules\pm2\lib\ProcessContainerFork.js:27:21)
2019-12-03 21:27 +08:00:     at Module._compile (internal/modules/cjs/loader.js:689:30)
2019-12-03 21:27 +08:00: TypeError: Router.use() requires a middleware function but got a Object
2019-12-03 21:27 +08:00:     at Function.use (D:\content\project\github\knowledgePoint\template\react\node_modules\_express@4.17.1@express\lib\router\index.js:458:13)
2019-12-03 21:27 +08:00:     at Function.<anonymous> (D:\content\project\github\knowledgePoint\template\react\node_modules\_express@4.17.1@express\lib\application.js:220:21)
2019-12-03 21:27 +08:00:     at Array.forEach (<anonymous>)
2019-12-03 21:27 +08:00:     at Function.use (D:\content\project\github\knowledgePoint\template\react\node_modules\_express@4.17.1@express\lib\application.js:217:7)
2019-12-03 21:27 +08:00:     at Module.<anonymous> (D:\content\project\github\knowledgePoint\template\react\dist\server\server.js:1:18160)
2019-12-03 21:27 +08:00:     at Module.<anonymous> (D:\content\project\github\knowledgePoint\template\react\dist\server\server.js:1:19013)
2019-12-03 21:27 +08:00:     at n (D:\content\project\github\knowledgePoint\template\react\dist\server\server.js:1:186)
2019-12-03 21:27 +08:00:     at D:\content\project\github\knowledgePoint\template\react\dist\server\server.js:1:985
2019-12-03 21:27 +08:00:     at Object.<anonymous> (D:\content\project\github\knowledgePoint\template\react\dist\server\server.js:1:995)
2019-12-03 21:27 +08:00:     at Module._compile (internal/modules/cjs/loader.js:689:30)
2019-12-03 21:27 +08:00:     at Object.Module._extensions..js (internal/modules/cjs/loader.js:700:10)
2019-12-03 21:27 +08:00:     at Module.load (internal/modules/cjs/loader.js:599:32)
2019-12-03 21:27 +08:00:     at tryModuleLoad (internal/modules/cjs/loader.js:538:12)
2019-12-03 21:27 +08:00:     at Function.Module._load (internal/modules/cjs/loader.js:530:3)
2019-12-03 21:27 +08:00:     at Object.<anonymous> (D:\node\node_global\node_modules\pm2\lib\ProcessContainerFork.js:27:21)
2019-12-03 21:27 +08:00:     at Module._compile (internal/modules/cjs/loader.js:689:30)
2019-12-03 21:27 +08:00: TypeError: Router.use() requires a middleware function but got a Object
2019-12-03 21:27 +08:00:     at Function.use (D:\content\project\github\knowledgePoint\template\react\node_modules\_express@4.17.1@express\lib\router\index.js:458:13)
2019-12-03 21:27 +08:00:     at Function.<anonymous> (D:\content\project\github\knowledgePoint\template\react\node_modules\_express@4.17.1@express\lib\application.js:220:21)
2019-12-03 21:27 +08:00:     at Array.forEach (<anonymous>)
2019-12-03 21:27 +08:00:     at Function.use (D:\content\project\github\knowledgePoint\template\react\node_modules\_express@4.17.1@express\lib\application.js:217:7)
2019-12-03 21:27 +08:00:     at Module.<anonymous> (D:\content\project\github\knowledgePoint\template\react\dist\server\server.js:1:18160)
2019-12-03 21:27 +08:00:     at Module.<anonymous> (D:\content\project\github\knowledgePoint\template\react\dist\server\server.js:1:19013)
2019-12-03 21:27 +08:00:     at n (D:\content\project\github\knowledgePoint\template\react\dist\server\server.js:1:186)
2019-12-03 21:27 +08:00:     at D:\content\project\github\knowledgePoint\template\react\dist\server\server.js:1:985
2019-12-03 21:27 +08:00:     at Object.<anonymous> (D:\content\project\github\knowledgePoint\template\react\dist\server\server.js:1:995)
2019-12-03 21:27 +08:00:     at Module._compile (internal/modules/cjs/loader.js:689:30)
2019-12-03 21:27 +08:00:     at Object.Module._extensions..js (internal/modules/cjs/loader.js:700:10)
2019-12-03 21:27 +08:00:     at Module.load (internal/modules/cjs/loader.js:599:32)
2019-12-03 21:27 +08:00:     at tryModuleLoad (internal/modules/cjs/loader.js:538:12)
2019-12-03 21:27 +08:00:     at Function.Module._load (internal/modules/cjs/loader.js:530:3)
2019-12-03 21:27 +08:00:     at Object.<anonymous> (D:\node\node_global\node_modules\pm2\lib\ProcessContainerFork.js:27:21)
2019-12-03 21:27 +08:00:     at Module._compile (internal/modules/cjs/loader.js:689:30)
2019-12-03 21:27 +08:00: TypeError: Router.use() requires a middleware function but got a Object
2019-12-03 21:27 +08:00:     at Function.use (D:\content\project\github\knowledgePoint\template\react\node_modules\_express@4.17.1@express\lib\router\index.js:458:13)
2019-12-03 21:27 +08:00:     at Function.<anonymous> (D:\content\project\github\knowledgePoint\template\react\node_modules\_express@4.17.1@express\lib\application.js:220:21)
2019-12-03 21:27 +08:00:     at Array.forEach (<anonymous>)
2019-12-03 21:27 +08:00:     at Function.use (D:\content\project\github\knowledgePoint\template\react\node_modules\_express@4.17.1@express\lib\application.js:217:7)
2019-12-03 21:27 +08:00:     at Module.<anonymous> (D:\content\project\github\knowledgePoint\template\react\dist\server\server.js:1:18160)
2019-12-03 21:27 +08:00:     at Module.<anonymous> (D:\content\project\github\knowledgePoint\template\react\dist\server\server.js:1:19013)
2019-12-03 21:27 +08:00:     at n (D:\content\project\github\knowledgePoint\template\react\dist\server\server.js:1:186)
2019-12-03 21:27 +08:00:     at D:\content\project\github\knowledgePoint\template\react\dist\server\server.js:1:985
2019-12-03 21:27 +08:00:     at Object.<anonymous> (D:\content\project\github\knowledgePoint\template\react\dist\server\server.js:1:995)
2019-12-03 21:27 +08:00:     at Module._compile (internal/modules/cjs/loader.js:689:30)
2019-12-03 21:27 +08:00:     at Object.Module._extensions..js (internal/modules/cjs/loader.js:700:10)
2019-12-03 21:27 +08:00:     at Module.load (internal/modules/cjs/loader.js:599:32)
2019-12-03 21:27 +08:00:     at tryModuleLoad (internal/modules/cjs/loader.js:538:12)
2019-12-03 21:27 +08:00:     at Function.Module._load (internal/modules/cjs/loader.js:530:3)
2019-12-03 21:27 +08:00:     at Object.<anonymous> (D:\node\node_global\node_modules\pm2\lib\ProcessContainerFork.js:27:21)
2019-12-03 21:27 +08:00:     at Module._compile (internal/modules/cjs/loader.js:689:30)
2019-12-03 21:27 +08:00: TypeError: Router.use() requires a middleware function but got a Object
2019-12-03 21:27 +08:00:     at Function.use (D:\content\project\github\knowledgePoint\template\react\node_modules\_express@4.17.1@express\lib\router\index.js:458:13)
2019-12-03 21:27 +08:00:     at Function.<anonymous> (D:\content\project\github\knowledgePoint\template\react\node_modules\_express@4.17.1@express\lib\application.js:220:21)
2019-12-03 21:27 +08:00:     at Array.forEach (<anonymous>)
2019-12-03 21:27 +08:00:     at Function.use (D:\content\project\github\knowledgePoint\template\react\node_modules\_express@4.17.1@express\lib\application.js:217:7)
2019-12-03 21:27 +08:00:     at Module.<anonymous> (D:\content\project\github\knowledgePoint\template\react\dist\server\server.js:1:18160)
2019-12-03 21:27 +08:00:     at Module.<anonymous> (D:\content\project\github\knowledgePoint\template\react\dist\server\server.js:1:19013)
2019-12-03 21:27 +08:00:     at n (D:\content\project\github\knowledgePoint\template\react\dist\server\server.js:1:186)
2019-12-03 21:27 +08:00:     at D:\content\project\github\knowledgePoint\template\react\dist\server\server.js:1:985
2019-12-03 21:27 +08:00:     at Object.<anonymous> (D:\content\project\github\knowledgePoint\template\react\dist\server\server.js:1:995)
2019-12-03 21:27 +08:00:     at Module._compile (internal/modules/cjs/loader.js:689:30)
2019-12-03 21:27 +08:00:     at Object.Module._extensions..js (internal/modules/cjs/loader.js:700:10)
2019-12-03 21:27 +08:00:     at Module.load (internal/modules/cjs/loader.js:599:32)
2019-12-03 21:27 +08:00:     at tryModuleLoad (internal/modules/cjs/loader.js:538:12)
2019-12-03 21:27 +08:00:     at Function.Module._load (internal/modules/cjs/loader.js:530:3)
2019-12-03 21:27 +08:00:     at Object.<anonymous> (D:\node\node_global\node_modules\pm2\lib\ProcessContainerFork.js:27:21)
2019-12-03 21:27 +08:00:     at Module._compile (internal/modules/cjs/loader.js:689:30)
2019-12-03 21:27 +08:00: TypeError: Router.use() requires a middleware function but got a Object
2019-12-03 21:27 +08:00:     at Function.use (D:\content\project\github\knowledgePoint\template\react\node_modules\_express@4.17.1@express\lib\router\index.js:458:13)
2019-12-03 21:27 +08:00:     at Function.<anonymous> (D:\content\project\github\knowledgePoint\template\react\node_modules\_express@4.17.1@express\lib\application.js:220:21)
2019-12-03 21:27 +08:00:     at Array.forEach (<anonymous>)
2019-12-03 21:27 +08:00:     at Function.use (D:\content\project\github\knowledgePoint\template\react\node_modules\_express@4.17.1@express\lib\application.js:217:7)
2019-12-03 21:27 +08:00:     at Module.<anonymous> (D:\content\project\github\knowledgePoint\template\react\dist\server\server.js:1:18160)
2019-12-03 21:27 +08:00:     at Module.<anonymous> (D:\content\project\github\knowledgePoint\template\react\dist\server\server.js:1:19013)
2019-12-03 21:27 +08:00:     at n (D:\content\project\github\knowledgePoint\template\react\dist\server\server.js:1:186)
2019-12-03 21:27 +08:00:     at D:\content\project\github\knowledgePoint\template\react\dist\server\server.js:1:985
2019-12-03 21:27 +08:00:     at Object.<anonymous> (D:\content\project\github\knowledgePoint\template\react\dist\server\server.js:1:995)
2019-12-03 21:27 +08:00:     at Module._compile (internal/modules/cjs/loader.js:689:30)
2019-12-03 21:27 +08:00:     at Object.Module._extensions..js (internal/modules/cjs/loader.js:700:10)
2019-12-03 21:27 +08:00:     at Module.load (internal/modules/cjs/loader.js:599:32)
2019-12-03 21:27 +08:00:     at tryModuleLoad (internal/modules/cjs/loader.js:538:12)
2019-12-03 21:27 +08:00:     at Function.Module._load (internal/modules/cjs/loader.js:530:3)
2019-12-03 21:27 +08:00:     at Object.<anonymous> (D:\node\node_global\node_modules\pm2\lib\ProcessContainerFork.js:27:21)
2019-12-03 21:27 +08:00:     at Module._compile (internal/modules/cjs/loader.js:689:30)
2019-12-03 21:27 +08:00: TypeError: Router.use() requires a middleware function but got a Object
2019-12-03 21:27 +08:00:     at Function.use (D:\content\project\github\knowledgePoint\template\react\node_modules\_express@4.17.1@express\lib\router\index.js:458:13)
2019-12-03 21:27 +08:00:     at Function.<anonymous> (D:\content\project\github\knowledgePoint\template\react\node_modules\_express@4.17.1@express\lib\application.js:220:21)
2019-12-03 21:27 +08:00:     at Array.forEach (<anonymous>)
2019-12-03 21:27 +08:00:     at Function.use (D:\content\project\github\knowledgePoint\template\react\node_modules\_express@4.17.1@express\lib\application.js:217:7)
2019-12-03 21:27 +08:00:     at Module.<anonymous> (D:\content\project\github\knowledgePoint\template\react\dist\server\server.js:1:18160)
2019-12-03 21:27 +08:00:     at Module.<anonymous> (D:\content\project\github\knowledgePoint\template\react\dist\server\server.js:1:19013)
2019-12-03 21:27 +08:00:     at n (D:\content\project\github\knowledgePoint\template\react\dist\server\server.js:1:186)
2019-12-03 21:27 +08:00:     at D:\content\project\github\knowledgePoint\template\react\dist\server\server.js:1:985
2019-12-03 21:27 +08:00:     at Object.<anonymous> (D:\content\project\github\knowledgePoint\template\react\dist\server\server.js:1:995)
2019-12-03 21:27 +08:00:     at Module._compile (internal/modules/cjs/loader.js:689:30)
2019-12-03 21:27 +08:00:     at Object.Module._extensions..js (internal/modules/cjs/loader.js:700:10)
2019-12-03 21:27 +08:00:     at Module.load (internal/modules/cjs/loader.js:599:32)
2019-12-03 21:27 +08:00:     at tryModuleLoad (internal/modules/cjs/loader.js:538:12)
2019-12-03 21:27 +08:00:     at Function.Module._load (internal/modules/cjs/loader.js:530:3)
2019-12-03 21:27 +08:00:     at Object.<anonymous> (D:\node\node_global\node_modules\pm2\lib\ProcessContainerFork.js:27:21)
2019-12-03 21:27 +08:00:     at Module._compile (internal/modules/cjs/loader.js:689:30)
2019-12-03 21:31 +08:00: ReferenceError: CACHETIME is not defined
2019-12-03 21:31 +08:00:     at Module.<anonymous> (D:\content\project\github\knowledgePoint\template\react\dist\server\server.js:1:18188)
2019-12-03 21:31 +08:00:     at Module.<anonymous> (D:\content\project\github\knowledgePoint\template\react\dist\server\server.js:1:19016)
2019-12-03 21:31 +08:00:     at n (D:\content\project\github\knowledgePoint\template\react\dist\server\server.js:1:186)
2019-12-03 21:31 +08:00:     at D:\content\project\github\knowledgePoint\template\react\dist\server\server.js:1:985
2019-12-03 21:31 +08:00:     at Object.<anonymous> (D:\content\project\github\knowledgePoint\template\react\dist\server\server.js:1:995)
2019-12-03 21:31 +08:00:     at Module._compile (internal/modules/cjs/loader.js:689:30)
2019-12-03 21:31 +08:00:     at Object.Module._extensions..js (internal/modules/cjs/loader.js:700:10)
2019-12-03 21:31 +08:00:     at Module.load (internal/modules/cjs/loader.js:599:32)
2019-12-03 21:31 +08:00:     at tryModuleLoad (internal/modules/cjs/loader.js:538:12)
2019-12-03 21:31 +08:00:     at Function.Module._load (internal/modules/cjs/loader.js:530:3)
2019-12-03 21:31 +08:00:     at Object.<anonymous> (D:\node\node_global\node_modules\pm2\lib\ProcessContainerFork.js:27:21)
2019-12-03 21:31 +08:00:     at Module._compile (internal/modules/cjs/loader.js:689:30)
2019-12-03 21:31 +08:00:     at Object.Module._extensions..js (internal/modules/cjs/loader.js:700:10)
2019-12-03 21:31 +08:00:     at Module.load (internal/modules/cjs/loader.js:599:32)
2019-12-03 21:31 +08:00:     at tryModuleLoad (internal/modules/cjs/loader.js:538:12)
2019-12-03 21:31 +08:00:     at Function.Module._load (internal/modules/cjs/loader.js:530:3)
2019-12-03 21:31 +08:00: ReferenceError: CACHETIME is not defined
2019-12-03 21:31 +08:00:     at Module.<anonymous> (D:\content\project\github\knowledgePoint\template\react\dist\server\server.js:1:18188)
2019-12-03 21:31 +08:00:     at Module.<anonymous> (D:\content\project\github\knowledgePoint\template\react\dist\server\server.js:1:19016)
2019-12-03 21:31 +08:00:     at n (D:\content\project\github\knowledgePoint\template\react\dist\server\server.js:1:186)
2019-12-03 21:31 +08:00:     at D:\content\project\github\knowledgePoint\template\react\dist\server\server.js:1:985
2019-12-03 21:31 +08:00:     at Object.<anonymous> (D:\content\project\github\knowledgePoint\template\react\dist\server\server.js:1:995)
2019-12-03 21:31 +08:00:     at Module._compile (internal/modules/cjs/loader.js:689:30)
2019-12-03 21:31 +08:00:     at Object.Module._extensions..js (internal/modules/cjs/loader.js:700:10)
2019-12-03 21:31 +08:00:     at Module.load (internal/modules/cjs/loader.js:599:32)
2019-12-03 21:31 +08:00:     at tryModuleLoad (internal/modules/cjs/loader.js:538:12)
2019-12-03 21:31 +08:00:     at Function.Module._load (internal/modules/cjs/loader.js:530:3)
2019-12-03 21:31 +08:00:     at Object.<anonymous> (D:\node\node_global\node_modules\pm2\lib\ProcessContainerFork.js:27:21)
2019-12-03 21:31 +08:00:     at Module._compile (internal/modules/cjs/loader.js:689:30)
2019-12-03 21:31 +08:00:     at Object.Module._extensions..js (internal/modules/cjs/loader.js:700:10)
2019-12-03 21:31 +08:00:     at Module.load (internal/modules/cjs/loader.js:599:32)
2019-12-03 21:31 +08:00:     at tryModuleLoad (internal/modules/cjs/loader.js:538:12)
2019-12-03 21:31 +08:00:     at Function.Module._load (internal/modules/cjs/loader.js:530:3)
2019-12-03 21:31 +08:00: ReferenceError: CACHETIME is not defined
2019-12-03 21:31 +08:00:     at Module.<anonymous> (D:\content\project\github\knowledgePoint\template\react\dist\server\server.js:1:18188)
2019-12-03 21:31 +08:00:     at Module.<anonymous> (D:\content\project\github\knowledgePoint\template\react\dist\server\server.js:1:19016)
2019-12-03 21:31 +08:00:     at n (D:\content\project\github\knowledgePoint\template\react\dist\server\server.js:1:186)
2019-12-03 21:31 +08:00:     at D:\content\project\github\knowledgePoint\template\react\dist\server\server.js:1:985
2019-12-03 21:31 +08:00:     at Object.<anonymous> (D:\content\project\github\knowledgePoint\template\react\dist\server\server.js:1:995)
2019-12-03 21:31 +08:00:     at Module._compile (internal/modules/cjs/loader.js:689:30)
2019-12-03 21:31 +08:00:     at Object.Module._extensions..js (internal/modules/cjs/loader.js:700:10)
2019-12-03 21:31 +08:00:     at Module.load (internal/modules/cjs/loader.js:599:32)
2019-12-03 21:31 +08:00:     at tryModuleLoad (internal/modules/cjs/loader.js:538:12)
2019-12-03 21:31 +08:00:     at Function.Module._load (internal/modules/cjs/loader.js:530:3)
2019-12-03 21:31 +08:00:     at Object.<anonymous> (D:\node\node_global\node_modules\pm2\lib\ProcessContainerFork.js:27:21)
2019-12-03 21:31 +08:00:     at Module._compile (internal/modules/cjs/loader.js:689:30)
2019-12-03 21:31 +08:00:     at Object.Module._extensions..js (internal/modules/cjs/loader.js:700:10)
2019-12-03 21:31 +08:00:     at Module.load (internal/modules/cjs/loader.js:599:32)
2019-12-03 21:31 +08:00:     at tryModuleLoad (internal/modules/cjs/loader.js:538:12)
2019-12-03 21:31 +08:00:     at Function.Module._load (internal/modules/cjs/loader.js:530:3)
2019-12-03 21:31 +08:00: ReferenceError: CACHETIME is not defined
2019-12-03 21:31 +08:00:     at Module.<anonymous> (D:\content\project\github\knowledgePoint\template\react\dist\server\server.js:1:18188)
2019-12-03 21:31 +08:00:     at Module.<anonymous> (D:\content\project\github\knowledgePoint\template\react\dist\server\server.js:1:19016)
2019-12-03 21:31 +08:00:     at n (D:\content\project\github\knowledgePoint\template\react\dist\server\server.js:1:186)
2019-12-03 21:31 +08:00:     at D:\content\project\github\knowledgePoint\template\react\dist\server\server.js:1:985
2019-12-03 21:31 +08:00:     at Object.<anonymous> (D:\content\project\github\knowledgePoint\template\react\dist\server\server.js:1:995)
2019-12-03 21:31 +08:00:     at Module._compile (internal/modules/cjs/loader.js:689:30)
2019-12-03 21:31 +08:00:     at Object.Module._extensions..js (internal/modules/cjs/loader.js:700:10)
2019-12-03 21:31 +08:00:     at Module.load (internal/modules/cjs/loader.js:599:32)
2019-12-03 21:31 +08:00:     at tryModuleLoad (internal/modules/cjs/loader.js:538:12)
2019-12-03 21:31 +08:00:     at Function.Module._load (internal/modules/cjs/loader.js:530:3)
2019-12-03 21:31 +08:00:     at Object.<anonymous> (D:\node\node_global\node_modules\pm2\lib\ProcessContainerFork.js:27:21)
2019-12-03 21:31 +08:00:     at Module._compile (internal/modules/cjs/loader.js:689:30)
2019-12-03 21:31 +08:00:     at Object.Module._extensions..js (internal/modules/cjs/loader.js:700:10)
2019-12-03 21:31 +08:00:     at Module.load (internal/modules/cjs/loader.js:599:32)
2019-12-03 21:31 +08:00:     at tryModuleLoad (internal/modules/cjs/loader.js:538:12)
2019-12-03 21:31 +08:00:     at Function.Module._load (internal/modules/cjs/loader.js:530:3)
2019-12-03 21:31 +08:00: ReferenceError: CACHETIME is not defined
2019-12-03 21:31 +08:00:     at Module.<anonymous> (D:\content\project\github\knowledgePoint\template\react\dist\server\server.js:1:18188)
2019-12-03 21:31 +08:00:     at Module.<anonymous> (D:\content\project\github\knowledgePoint\template\react\dist\server\server.js:1:19016)
2019-12-03 21:31 +08:00:     at n (D:\content\project\github\knowledgePoint\template\react\dist\server\server.js:1:186)
2019-12-03 21:31 +08:00:     at D:\content\project\github\knowledgePoint\template\react\dist\server\server.js:1:985
2019-12-03 21:31 +08:00:     at Object.<anonymous> (D:\content\project\github\knowledgePoint\template\react\dist\server\server.js:1:995)
2019-12-03 21:31 +08:00:     at Module._compile (internal/modules/cjs/loader.js:689:30)
2019-12-03 21:31 +08:00:     at Object.Module._extensions..js (internal/modules/cjs/loader.js:700:10)
2019-12-03 21:31 +08:00:     at Module.load (internal/modules/cjs/loader.js:599:32)
2019-12-03 21:31 +08:00:     at tryModuleLoad (internal/modules/cjs/loader.js:538:12)
2019-12-03 21:31 +08:00:     at Function.Module._load (internal/modules/cjs/loader.js:530:3)
2019-12-03 21:31 +08:00:     at Object.<anonymous> (D:\node\node_global\node_modules\pm2\lib\ProcessContainerFork.js:27:21)
2019-12-03 21:31 +08:00:     at Module._compile (internal/modules/cjs/loader.js:689:30)
2019-12-03 21:31 +08:00:     at Object.Module._extensions..js (internal/modules/cjs/loader.js:700:10)
2019-12-03 21:31 +08:00:     at Module.load (internal/modules/cjs/loader.js:599:32)
2019-12-03 21:31 +08:00:     at tryModuleLoad (internal/modules/cjs/loader.js:538:12)
2019-12-03 21:31 +08:00:     at Function.Module._load (internal/modules/cjs/loader.js:530:3)
2019-12-03 21:31 +08:00: ReferenceError: CACHETIME is not defined
2019-12-03 21:31 +08:00:     at Module.<anonymous> (D:\content\project\github\knowledgePoint\template\react\dist\server\server.js:1:18188)
2019-12-03 21:31 +08:00:     at Module.<anonymous> (D:\content\project\github\knowledgePoint\template\react\dist\server\server.js:1:19016)
2019-12-03 21:31 +08:00:     at n (D:\content\project\github\knowledgePoint\template\react\dist\server\server.js:1:186)
2019-12-03 21:31 +08:00:     at D:\content\project\github\knowledgePoint\template\react\dist\server\server.js:1:985
2019-12-03 21:31 +08:00:     at Object.<anonymous> (D:\content\project\github\knowledgePoint\template\react\dist\server\server.js:1:995)
2019-12-03 21:31 +08:00:     at Module._compile (internal/modules/cjs/loader.js:689:30)
2019-12-03 21:31 +08:00:     at Object.Module._extensions..js (internal/modules/cjs/loader.js:700:10)
2019-12-03 21:31 +08:00:     at Module.load (internal/modules/cjs/loader.js:599:32)
2019-12-03 21:31 +08:00:     at tryModuleLoad (internal/modules/cjs/loader.js:538:12)
2019-12-03 21:31 +08:00:     at Function.Module._load (internal/modules/cjs/loader.js:530:3)
2019-12-03 21:31 +08:00:     at Object.<anonymous> (D:\node\node_global\node_modules\pm2\lib\ProcessContainerFork.js:27:21)
2019-12-03 21:31 +08:00:     at Module._compile (internal/modules/cjs/loader.js:689:30)
2019-12-03 21:31 +08:00:     at Object.Module._extensions..js (internal/modules/cjs/loader.js:700:10)
2019-12-03 21:31 +08:00:     at Module.load (internal/modules/cjs/loader.js:599:32)
2019-12-03 21:31 +08:00:     at tryModuleLoad (internal/modules/cjs/loader.js:538:12)
2019-12-03 21:31 +08:00:     at Function.Module._load (internal/modules/cjs/loader.js:530:3)
2019-12-03 21:31 +08:00: ReferenceError: CACHETIME is not defined
2019-12-03 21:31 +08:00:     at Module.<anonymous> (D:\content\project\github\knowledgePoint\template\react\dist\server\server.js:1:18188)
2019-12-03 21:31 +08:00:     at Module.<anonymous> (D:\content\project\github\knowledgePoint\template\react\dist\server\server.js:1:19016)
2019-12-03 21:31 +08:00:     at n (D:\content\project\github\knowledgePoint\template\react\dist\server\server.js:1:186)
2019-12-03 21:31 +08:00:     at D:\content\project\github\knowledgePoint\template\react\dist\server\server.js:1:985
2019-12-03 21:31 +08:00:     at Object.<anonymous> (D:\content\project\github\knowledgePoint\template\react\dist\server\server.js:1:995)
2019-12-03 21:31 +08:00:     at Module._compile (internal/modules/cjs/loader.js:689:30)
2019-12-03 21:31 +08:00:     at Object.Module._extensions..js (internal/modules/cjs/loader.js:700:10)
2019-12-03 21:31 +08:00:     at Module.load (internal/modules/cjs/loader.js:599:32)
2019-12-03 21:31 +08:00:     at tryModuleLoad (internal/modules/cjs/loader.js:538:12)
2019-12-03 21:31 +08:00:     at Function.Module._load (internal/modules/cjs/loader.js:530:3)
2019-12-03 21:31 +08:00:     at Object.<anonymous> (D:\node\node_global\node_modules\pm2\lib\ProcessContainerFork.js:27:21)
2019-12-03 21:31 +08:00:     at Module._compile (internal/modules/cjs/loader.js:689:30)
2019-12-03 21:31 +08:00:     at Object.Module._extensions..js (internal/modules/cjs/loader.js:700:10)
2019-12-03 21:31 +08:00:     at Module.load (internal/modules/cjs/loader.js:599:32)
2019-12-03 21:31 +08:00:     at tryModuleLoad (internal/modules/cjs/loader.js:538:12)
2019-12-03 21:31 +08:00:     at Function.Module._load (internal/modules/cjs/loader.js:530:3)
